[1.313s] DEBUG:colcon:Command line arguments: ['/usr/bin/colcon', 'build', '--symlink-install']
[1.314s] DEBUG:colcon:Parsed command line arguments: Namespace(log_base=None, log_level=None, verb_name='build', build_base='build', install_base='install', merge_install=False, symlink_install=True, test_result_base=None, continue_on_error=False, executor='parallel', parallel_workers=4, event_handlers=None, ignore_user_meta=False, metas=['./colcon.meta'], base_paths=['.'], packages_ignore=None, packages_ignore_regex=None, paths=None, packages_up_to=None, packages_up_to_regex=None, packages_above=None, packages_above_and_dependencies=None, packages_above_depth=None, packages_select_by_dep=None, packages_skip_by_dep=None, packages_skip_up_to=None, packages_select_build_failed=False, packages_skip_build_finished=False, packages_select_test_failures=False, packages_skip_test_passed=False, packages_select=None, packages_skip=None, packages_select_regex=None, packages_skip_regex=None, packages_start=None, packages_end=None, allow_overriding=[], cmake_args=None, cmake_target=None, cmake_target_skip_unavailable=False, cmake_clean_cache=False, cmake_clean_first=False, cmake_force_configure=False, ament_cmake_args=None, catkin_cmake_args=None, catkin_skip_building_tests=False, mixin_files=None, mixin=None, verb_parser=<colcon_mixin.mixin.mixin_argument.MixinArgumentDecorator object at 0xffff838657b0>, verb_extension=<colcon_core.verb.build.BuildVerb object at 0xffff839a1f60>, main=<bound method BuildVerb.main of <colcon_core.verb.build.BuildVerb object at 0xffff839a1f60>>, mixin_verb=('build',))
[3.225s] Level 1:colcon.colcon_core.package_discovery:discover_packages(colcon_meta) check parameters
[3.226s] Level 1:colcon.colcon_core.package_discovery:discover_packages(recursive) check parameters
[3.226s] Level 1:colcon.colcon_core.package_discovery:discover_packages(ignore) check parameters
[3.226s] Level 1:colcon.colcon_core.package_discovery:discover_packages(path) check parameters
[3.227s] Level 1:colcon.colcon_core.package_discovery:discover_packages(colcon_meta) discover
[3.228s] Level 1:colcon.colcon_core.package_discovery:discover_packages(recursive) discover
[3.229s] INFO:colcon.colcon_core.package_discovery:Crawling recursively for packages in '/home/muttaqien-m/ros2_ws'
[3.230s] Level 1:colcon.colcon_core.package_identification:_identify(.) by extensions ['ignore', 'ignore_ament_install']
[3.231s] Level 1:colcon.colcon_core.package_identification:_identify(.) by extension 'ignore'
[3.231s] Level 1:colcon.colcon_core.package_identification:_identify(.) by extension 'ignore_ament_install'
[3.232s] Level 1:colcon.colcon_core.package_identification:_identify(.) by extensions ['colcon_pkg']
[3.232s] Level 1:colcon.colcon_core.package_identification:_identify(.) by extension 'colcon_pkg'
[3.232s] Level 1:colcon.colcon_core.package_identification:_identify(.) by extensions ['colcon_meta']
[3.233s] Level 1:colcon.colcon_core.package_identification:_identify(.) by extension 'colcon_meta'
[3.233s] Level 1:colcon.colcon_core.package_identification:_identify(.) by extensions ['ros']
[3.233s] Level 1:colcon.colcon_core.package_identification:_identify(.) by extension 'ros'
[3.341s] Level 1:colcon.colcon_core.package_identification:_identify(.) by extensions ['cmake', 'python']
[3.342s] Level 1:colcon.colcon_core.package_identification:_identify(.) by extension 'cmake'
[3.343s] Level 1:colcon.colcon_core.package_identification:_identify(.) by extension 'python'
[3.344s] Level 1:colcon.colcon_core.package_identification:_identify(.) by extensions ['python_setup_py']
[3.345s] Level 1:colcon.colcon_core.package_identification:_identify(.) by extension 'python_setup_py'
[3.348s] Level 1:colcon.colcon_core.package_identification:_identify(build) by extensions ['ignore', 'ignore_ament_install']
[3.349s] Level 1:colcon.colcon_core.package_identification:_identify(build) by extension 'ignore'
[3.350s] Level 1:colcon.colcon_core.package_identification:_identify(build) ignored
[3.351s] Level 1:colcon.colcon_core.package_identification:_identify(install) by extensions ['ignore', 'ignore_ament_install']
[3.352s] Level 1:colcon.colcon_core.package_identification:_identify(install) by extension 'ignore'
[3.352s] Level 1:colcon.colcon_core.package_identification:_identify(install) ignored
[3.353s] Level 1:colcon.colcon_core.package_identification:_identify(log) by extensions ['ignore', 'ignore_ament_install']
[3.354s] Level 1:colcon.colcon_core.package_identification:_identify(log) by extension 'ignore'
[3.354s] Level 1:colcon.colcon_core.package_identification:_identify(log) ignored
[3.355s] Level 1:colcon.colcon_core.package_identification:_identify(src) by extensions ['ignore', 'ignore_ament_install']
[3.357s] Level 1:colcon.colcon_core.package_identification:_identify(src) by extension 'ignore'
[3.358s] Level 1:colcon.colcon_core.package_identification:_identify(src) by extension 'ignore_ament_install'
[3.360s] Level 1:colcon.colcon_core.package_identification:_identify(src) by extensions ['colcon_pkg']
[3.361s] Level 1:colcon.colcon_core.package_identification:_identify(src) by extension 'colcon_pkg'
[3.363s] Level 1:colcon.colcon_core.package_identification:_identify(src) by extensions ['colcon_meta']
[3.365s] Level 1:colcon.colcon_core.package_identification:_identify(src) by extension 'colcon_meta'
[3.367s] Level 1:colcon.colcon_core.package_identification:_identify(src) by extensions ['ros']
[3.370s] Level 1:colcon.colcon_core.package_identification:_identify(src) by extension 'ros'
[3.372s] Level 1:colcon.colcon_core.package_identification:_identify(src) by extensions ['cmake', 'python']
[3.373s] Level 1:colcon.colcon_core.package_identification:_identify(src) by extension 'cmake'
[3.374s] Level 1:colcon.colcon_core.package_identification:_identify(src) by extension 'python'
[3.375s] Level 1:colcon.colcon_core.package_identification:_identify(src) by extensions ['python_setup_py']
[3.375s] Level 1:colcon.colcon_core.package_identification:_identify(src) by extension 'python_setup_py'
[3.377s] Level 1:colcon.colcon_core.package_identification:_identify(src/my_robot_controller) by extensions ['ignore', 'ignore_ament_install']
[3.379s] Level 1:colcon.colcon_core.package_identification:_identify(src/my_robot_controller) by extension 'ignore'
[3.380s] Level 1:colcon.colcon_core.package_identification:_identify(src/my_robot_controller) by extension 'ignore_ament_install'
[3.381s] Level 1:colcon.colcon_core.package_identification:_identify(src/my_robot_controller) by extensions ['colcon_pkg']
[3.382s] Level 1:colcon.colcon_core.package_identification:_identify(src/my_robot_controller) by extension 'colcon_pkg'
[3.384s] Level 1:colcon.colcon_core.package_identification:_identify(src/my_robot_controller) by extensions ['colcon_meta']
[3.384s] Level 1:colcon.colcon_core.package_identification:_identify(src/my_robot_controller) by extension 'colcon_meta'
[3.386s] Level 1:colcon.colcon_core.package_identification:_identify(src/my_robot_controller) by extensions ['ros']
[3.386s] Level 1:colcon.colcon_core.package_identification:_identify(src/my_robot_controller) by extension 'ros'
[3.417s] DEBUG:colcon.colcon_core.package_identification:Package 'src/my_robot_controller' with type 'ros.ament_python' and name 'my_robot_controller'
[3.418s] Level 1:colcon.colcon_core.package_discovery:discover_packages(recursive) using defaults
[3.418s] Level 1:colcon.colcon_core.package_discovery:discover_packages(ignore) discover
[3.418s] Level 1:colcon.colcon_core.package_discovery:discover_packages(ignore) using defaults
[3.419s] Level 1:colcon.colcon_core.package_discovery:discover_packages(path) discover
[3.419s] Level 1:colcon.colcon_core.package_discovery:discover_packages(path) using defaults
[3.747s] Level 1:colcon.colcon_core.package_discovery:discover_packages(prefix_path) check parameters
[3.748s] Level 1:colcon.colcon_core.package_discovery:discover_packages(prefix_path) discover
[3.772s] DEBUG:colcon.colcon_installed_package_information.package_discovery:Found 191 installed packages in /opt/ros/humble
[3.781s] Level 1:colcon.colcon_core.package_discovery:discover_packages(prefix_path) using defaults
[3.945s] Level 5:colcon.colcon_core.verb:set package 'my_robot_controller' build argument 'cmake_args' from command line to 'None'
[3.945s] Level 5:colcon.colcon_core.verb:set package 'my_robot_controller' build argument 'cmake_target' from command line to 'None'
[3.945s] Level 5:colcon.colcon_core.verb:set package 'my_robot_controller' build argument 'cmake_target_skip_unavailable' from command line to 'False'
[3.946s] Level 5:colcon.colcon_core.verb:set package 'my_robot_controller' build argument 'cmake_clean_cache' from command line to 'False'
[3.946s] Level 5:colcon.colcon_core.verb:set package 'my_robot_controller' build argument 'cmake_clean_first' from command line to 'False'
[3.946s] Level 5:colcon.colcon_core.verb:set package 'my_robot_controller' build argument 'cmake_force_configure' from command line to 'False'
[3.946s] Level 5:colcon.colcon_core.verb:set package 'my_robot_controller' build argument 'ament_cmake_args' from command line to 'None'
[3.946s] Level 5:colcon.colcon_core.verb:set package 'my_robot_controller' build argument 'catkin_cmake_args' from command line to 'None'
[3.946s] Level 5:colcon.colcon_core.verb:set package 'my_robot_controller' build argument 'catkin_skip_building_tests' from command line to 'False'
[3.946s] DEBUG:colcon.colcon_core.verb:Building package 'my_robot_controller' with the following arguments: {'ament_cmake_args': None, 'build_base': '/home/muttaqien-m/ros2_ws/build/my_robot_controller', 'catkin_cmake_args': None, 'catkin_skip_building_tests': False, 'cmake_args': None, 'cmake_clean_cache': False, 'cmake_clean_first': False, 'cmake_force_configure': False, 'cmake_target': None, 'cmake_target_skip_unavailable': False, 'install_base': '/home/muttaqien-m/ros2_ws/install/my_robot_controller', 'merge_install': False, 'path': '/home/muttaqien-m/ros2_ws/src/my_robot_controller', 'symlink_install': True, 'test_result_base': None}
[3.947s] INFO:colcon.colcon_core.executor:Executing jobs using 'parallel' executor
[3.952s] DEBUG:colcon.colcon_parallel_executor.executor.parallel:run_until_complete
[3.953s] INFO:colcon.colcon_ros.task.ament_python.build:Building ROS package in '/home/muttaqien-m/ros2_ws/src/my_robot_controller' with build type 'ament_python'
[3.954s] Level 1:colcon.colcon_core.shell:create_environment_hook('my_robot_controller', 'ament_prefix_path')
[3.966s] INFO:colcon.colcon_core.plugin_system:Skipping extension 'colcon_core.shell.bat': Not used on non-Windows systems
[3.967s] INFO:colcon.colcon_core.shell:Creating environment hook '/home/muttaqien-m/ros2_ws/install/my_robot_controller/share/my_robot_controller/hook/ament_prefix_path.ps1'
[3.974s] INFO:colcon.colcon_core.shell:Creating environment descriptor '/home/muttaqien-m/ros2_ws/install/my_robot_controller/share/my_robot_controller/hook/ament_prefix_path.dsv'
[3.981s] INFO:colcon.colcon_core.shell:Creating environment hook '/home/muttaqien-m/ros2_ws/install/my_robot_controller/share/my_robot_controller/hook/ament_prefix_path.sh'
[3.990s] INFO:colcon.colcon_core.shell:Skip shell extension 'powershell' for command environment: Not usable outside of PowerShell
[3.991s] DEBUG:colcon.colcon_core.shell:Skip shell extension 'dsv' for command environment
[7.517s] INFO:colcon.colcon_core.task.python.build:Building Python package in '/home/muttaqien-m/ros2_ws/src/my_robot_controller'
[7.520s] INFO:colcon.colcon_core.shell:Skip shell extension 'powershell' for command environment: Not usable outside of PowerShell
[7.521s] DEBUG:colcon.colcon_core.shell:Skip shell extension 'dsv' for command environment
[11.872s] DEBUG:colcon.colcon_core.task.python.build:While undoing a previous installation files outside the Python library path are being ignored: /home/muttaqien-m/ros2_ws/install/my_robot_controller/share/ament_index/resource_index/packages/my_robot_controller
[11.873s] DEBUG:colcon.colcon_core.task.python.build:While undoing a previous installation files outside the Python library path are being ignored: /home/muttaqien-m/ros2_ws/install/my_robot_controller/share/my_robot_controller/package.xml
[11.874s] DEBUG:colcon.colcon_core.task.python.build:While undoing a previous installation files outside the Python library path are being ignored: /home/muttaqien-m/ros2_ws/install/my_robot_controller/lib/my_robot_controller/test_node
[11.890s] DEBUG:colcon.colcon_core.event_handler.log_command:Invoking command in '/home/muttaqien-m/ros2_ws/build/my_robot_controller': PYTHONPATH=/home/muttaqien-m/ros2_ws/build/my_robot_controller/prefix_override:/home/muttaqien-m/ros2_ws/install/my_robot_controller/lib/python3.10/site-packages:${PYTHONPATH} /usr/bin/python3 -W ignore:setup.py install is deprecated setup.py develop --editable --build-directory /home/muttaqien-m/ros2_ws/build/my_robot_controller/build --no-deps symlink_data --force
[18.249s] Level 1:colcon.colcon_core.shell:create_environment_hook('my_robot_controller', 'pythonpath_develop')
[18.253s] INFO:colcon.colcon_core.shell:Creating environment hook '/home/muttaqien-m/ros2_ws/build/my_robot_controller/share/my_robot_controller/hook/pythonpath_develop.ps1'
[18.257s] DEBUG:colcon.colcon_core.event_handler.log_command:Invoked command in '/home/muttaqien-m/ros2_ws/build/my_robot_controller' returned '0': PYTHONPATH=/home/muttaqien-m/ros2_ws/build/my_robot_controller/prefix_override:/home/muttaqien-m/ros2_ws/install/my_robot_controller/lib/python3.10/site-packages:${PYTHONPATH} /usr/bin/python3 -W ignore:setup.py install is deprecated setup.py develop --editable --build-directory /home/muttaqien-m/ros2_ws/build/my_robot_controller/build --no-deps symlink_data --force
[18.266s] INFO:colcon.colcon_core.shell:Creating environment descriptor '/home/muttaqien-m/ros2_ws/build/my_robot_controller/share/my_robot_controller/hook/pythonpath_develop.dsv'
[18.274s] INFO:colcon.colcon_core.shell:Creating environment hook '/home/muttaqien-m/ros2_ws/build/my_robot_controller/share/my_robot_controller/hook/pythonpath_develop.sh'
[18.315s] Level 1:colcon.colcon_core.environment:checking '/home/muttaqien-m/ros2_ws/install/my_robot_controller' for CMake module files
[18.321s] Level 1:colcon.colcon_core.environment:checking '/home/muttaqien-m/ros2_ws/install/my_robot_controller' for CMake config files
[18.328s] Level 1:colcon.colcon_core.environment:checking '/home/muttaqien-m/ros2_ws/install/my_robot_controller/lib'
[18.329s] Level 1:colcon.colcon_core.environment:checking '/home/muttaqien-m/ros2_ws/install/my_robot_controller/bin'
[18.329s] Level 1:colcon.colcon_core.environment:checking '/home/muttaqien-m/ros2_ws/install/my_robot_controller/lib/pkgconfig/my_robot_controller.pc'
[18.331s] Level 1:colcon.colcon_core.environment:checking '/home/muttaqien-m/ros2_ws/install/my_robot_controller/lib/python3.10/site-packages'
[18.334s] Level 1:colcon.colcon_core.shell:create_environment_hook('my_robot_controller', 'pythonpath')
[18.337s] INFO:colcon.colcon_core.shell:Creating environment hook '/home/muttaqien-m/ros2_ws/install/my_robot_controller/share/my_robot_controller/hook/pythonpath.ps1'
[18.342s] INFO:colcon.colcon_core.shell:Creating environment descriptor '/home/muttaqien-m/ros2_ws/install/my_robot_controller/share/my_robot_controller/hook/pythonpath.dsv'
[18.349s] INFO:colcon.colcon_core.shell:Creating environment hook '/home/muttaqien-m/ros2_ws/install/my_robot_controller/share/my_robot_controller/hook/pythonpath.sh'
[18.356s] Level 1:colcon.colcon_core.environment:checking '/home/muttaqien-m/ros2_ws/install/my_robot_controller/bin'
[18.357s] Level 1:colcon.colcon_core.environment:create_environment_scripts_only(my_robot_controller)
[18.360s] INFO:colcon.colcon_core.shell:Creating package script '/home/muttaqien-m/ros2_ws/install/my_robot_controller/share/my_robot_controller/package.ps1'
[18.366s] INFO:colcon.colcon_core.shell:Creating package descriptor '/home/muttaqien-m/ros2_ws/install/my_robot_controller/share/my_robot_controller/package.dsv'
[18.373s] INFO:colcon.colcon_core.shell:Creating package script '/home/muttaqien-m/ros2_ws/install/my_robot_controller/share/my_robot_controller/package.sh'
[18.383s] INFO:colcon.colcon_core.shell:Creating package script '/home/muttaqien-m/ros2_ws/install/my_robot_controller/share/my_robot_controller/package.bash'
[18.395s] INFO:colcon.colcon_core.shell:Creating package script '/home/muttaqien-m/ros2_ws/install/my_robot_controller/share/my_robot_controller/package.zsh'
[18.401s] Level 1:colcon.colcon_core.environment:create_file_with_runtime_dependencies(/home/muttaqien-m/ros2_ws/install/my_robot_controller/share/colcon-core/packages/my_robot_controller)
[18.408s] DEBUG:colcon.colcon_parallel_executor.executor.parallel:closing loop
[18.412s] DEBUG:colcon.colcon_parallel_executor.executor.parallel:loop closed
[18.413s] DEBUG:colcon.colcon_parallel_executor.executor.parallel:run_until_complete finished with '0'
[18.415s] DEBUG:colcon.colcon_core.event_reactor:joining thread
[18.500s] INFO:colcon.colcon_core.plugin_system:Skipping extension 'colcon_notification.desktop_notification.terminal_notifier': Not used on non-Darwin systems
[18.502s] INFO:colcon.colcon_core.plugin_system:Skipping extension 'colcon_notification.desktop_notification.win32': Not used on non-Windows systems
[18.503s] INFO:colcon.colcon_notification.desktop_notification:Sending desktop notification using 'notify2'
[18.760s] DEBUG:colcon.colcon_core.event_reactor:joined thread
[18.763s] INFO:colcon.colcon_core.shell:Creating prefix script '/home/muttaqien-m/ros2_ws/install/local_setup.ps1'
[18.771s] INFO:colcon.colcon_core.shell:Creating prefix util module '/home/muttaqien-m/ros2_ws/install/_local_setup_util_ps1.py'
[18.785s] INFO:colcon.colcon_core.shell:Creating prefix chain script '/home/muttaqien-m/ros2_ws/install/setup.ps1'
[18.797s] INFO:colcon.colcon_core.shell:Creating prefix script '/home/muttaqien-m/ros2_ws/install/local_setup.sh'
[18.805s] INFO:colcon.colcon_core.shell:Creating prefix util module '/home/muttaqien-m/ros2_ws/install/_local_setup_util_sh.py'
[18.816s] INFO:colcon.colcon_core.shell:Creating prefix chain script '/home/muttaqien-m/ros2_ws/install/setup.sh'
[18.828s] INFO:colcon.colcon_core.shell:Creating prefix script '/home/muttaqien-m/ros2_ws/install/local_setup.bash'
[18.834s] INFO:colcon.colcon_core.shell:Creating prefix chain script '/home/muttaqien-m/ros2_ws/install/setup.bash'
[18.844s] INFO:colcon.colcon_core.shell:Creating prefix script '/home/muttaqien-m/ros2_ws/install/local_setup.zsh'
[18.849s] INFO:colcon.colcon_core.shell:Creating prefix chain script '/home/muttaqien-m/ros2_ws/install/setup.zsh'
