[5.037s] DEBUG:colcon:Command line arguments: ['/usr/bin/colcon', 'list', '-p', '--base-paths', '/home/muttaqien-m/ros2_ws']
[5.057s] DEBUG:colcon:Parsed command line arguments: Namespace(log_base=None, log_level=None, verb_name='list', build_base='build', ignore_user_meta=False, metas=['./colcon.meta'], base_paths=['/home/muttaqien-m/ros2_ws'], packages_ignore=None, packages_ignore_regex=None, paths=None, packages_up_to=None, packages_up_to_regex=None, packages_above=None, packages_above_and_dependencies=None, packages_above_depth=None, packages_select_by_dep=None, packages_skip_by_dep=None, packages_skip_up_to=None, packages_select_build_failed=False, packages_skip_build_finished=False, packages_select_test_failures=False, packages_skip_test_passed=False, packages_select=None, packages_skip=None, packages_select_regex=None, packages_skip_regex=None, packages_start=None, packages_end=None, allow_overriding=[], topological_order=False, names_only=False, paths_only=True, topological_graph=False, topological_graph_dot=False, topological_graph_density=False, topological_graph_legend=False, topological_graph_dot_cluster=False, topological_graph_dot_include_skipped=False, mixin_files=None, mixin=None, verb_parser=<colcon_mixin.mixin.mixin_argument.MixinArgumentDecorator object at 0xffffa31a63e0>, verb_extension=<colcon_package_information.verb.list.ListVerb object at 0xffffa31a5420>, main=<bound method ListVerb.main of <colcon_package_information.verb.list.ListVerb object at 0xffffa31a5420>>, mixin_verb=('list',))
[12.879s] Level 1:colcon.colcon_core.package_discovery:discover_packages(colcon_meta) check parameters
[12.881s] Level 1:colcon.colcon_core.package_discovery:discover_packages(recursive) check parameters
[12.883s] Level 1:colcon.colcon_core.package_discovery:discover_packages(ignore) check parameters
[12.883s] Level 1:colcon.colcon_core.package_discovery:discover_packages(path) check parameters
[12.884s] Level 1:colcon.colcon_core.package_discovery:discover_packages(recursive) discover
[12.885s] INFO:colcon.colcon_core.package_discovery:Crawling recursively for packages in '/home/muttaqien-m/ros2_ws'
[12.887s] Level 1:colcon.colcon_core.package_identification:_identify(/home/muttaqien-m/ros2_ws) by extensions ['ignore', 'ignore_ament_install']
[12.920s] Level 1:colcon.colcon_core.package_identification:_identify(/home/muttaqien-m/ros2_ws) by extension 'ignore'
[12.928s] Level 1:colcon.colcon_core.package_identification:_identify(/home/muttaqien-m/ros2_ws) by extension 'ignore_ament_install'
[12.931s] Level 1:colcon.colcon_core.package_identification:_identify(/home/muttaqien-m/ros2_ws) by extensions ['colcon_pkg']
[12.932s] Level 1:colcon.colcon_core.package_identification:_identify(/home/muttaqien-m/ros2_ws) by extension 'colcon_pkg'
[12.933s] Level 1:colcon.colcon_core.package_identification:_identify(/home/muttaqien-m/ros2_ws) by extensions ['colcon_meta']
[12.934s] Level 1:colcon.colcon_core.package_identification:_identify(/home/muttaqien-m/ros2_ws) by extension 'colcon_meta'
[12.935s] Level 1:colcon.colcon_core.package_identification:_identify(/home/muttaqien-m/ros2_ws) by extensions ['ros']
[12.936s] Level 1:colcon.colcon_core.package_identification:_identify(/home/muttaqien-m/ros2_ws) by extension 'ros'
[13.422s] Level 1:colcon.colcon_core.package_identification:_identify(/home/muttaqien-m/ros2_ws) by extensions ['cmake', 'python']
[13.458s] Level 1:colcon.colcon_core.package_identification:_identify(/home/muttaqien-m/ros2_ws) by extension 'cmake'
[13.499s] Level 1:colcon.colcon_core.package_identification:_identify(/home/muttaqien-m/ros2_ws) by extension 'python'
[13.501s] Level 1:colcon.colcon_core.package_identification:_identify(/home/muttaqien-m/ros2_ws) by extensions ['python_setup_py']
[13.523s] Level 1:colcon.colcon_core.package_identification:_identify(/home/muttaqien-m/ros2_ws) by extension 'python_setup_py'
[13.526s] Level 1:colcon.colcon_core.package_identification:_identify(/home/muttaqien-m/ros2_ws/build) by extensions ['ignore', 'ignore_ament_install']
[13.536s] Level 1:colcon.colcon_core.package_identification:_identify(/home/muttaqien-m/ros2_ws/build) by extension 'ignore'
[13.537s] Level 1:colcon.colcon_core.package_identification:_identify(/home/muttaqien-m/ros2_ws/build) ignored
[13.549s] Level 1:colcon.colcon_core.package_identification:_identify(/home/muttaqien-m/ros2_ws/install) by extensions ['ignore', 'ignore_ament_install']
[13.552s] Level 1:colcon.colcon_core.package_identification:_identify(/home/muttaqien-m/ros2_ws/install) by extension 'ignore'
[13.554s] Level 1:colcon.colcon_core.package_identification:_identify(/home/muttaqien-m/ros2_ws/install) ignored
[13.556s] Level 1:colcon.colcon_core.package_identification:_identify(/home/muttaqien-m/ros2_ws/log) by extensions ['ignore', 'ignore_ament_install']
[13.558s] Level 1:colcon.colcon_core.package_identification:_identify(/home/muttaqien-m/ros2_ws/log) by extension 'ignore'
[13.559s] Level 1:colcon.colcon_core.package_identification:_identify(/home/muttaqien-m/ros2_ws/log) ignored
[13.581s] Level 1:colcon.colcon_core.package_identification:_identify(/home/muttaqien-m/ros2_ws/src) by extensions ['ignore', 'ignore_ament_install']
[13.584s] Level 1:colcon.colcon_core.package_identification:_identify(/home/muttaqien-m/ros2_ws/src) by extension 'ignore'
[13.585s] Level 1:colcon.colcon_core.package_identification:_identify(/home/muttaqien-m/ros2_ws/src) by extension 'ignore_ament_install'
[13.587s] Level 1:colcon.colcon_core.package_identification:_identify(/home/muttaqien-m/ros2_ws/src) by extensions ['colcon_pkg']
[13.589s] Level 1:colcon.colcon_core.package_identification:_identify(/home/muttaqien-m/ros2_ws/src) by extension 'colcon_pkg'
[13.590s] Level 1:colcon.colcon_core.package_identification:_identify(/home/muttaqien-m/ros2_ws/src) by extensions ['colcon_meta']
[13.591s] Level 1:colcon.colcon_core.package_identification:_identify(/home/muttaqien-m/ros2_ws/src) by extension 'colcon_meta'
[13.595s] Level 1:colcon.colcon_core.package_identification:_identify(/home/muttaqien-m/ros2_ws/src) by extensions ['ros']
[13.596s] Level 1:colcon.colcon_core.package_identification:_identify(/home/muttaqien-m/ros2_ws/src) by extension 'ros'
[13.600s] Level 1:colcon.colcon_core.package_identification:_identify(/home/muttaqien-m/ros2_ws/src) by extensions ['cmake', 'python']
[13.601s] Level 1:colcon.colcon_core.package_identification:_identify(/home/muttaqien-m/ros2_ws/src) by extension 'cmake'
[13.602s] Level 1:colcon.colcon_core.package_identification:_identify(/home/muttaqien-m/ros2_ws/src) by extension 'python'
[13.603s] Level 1:colcon.colcon_core.package_identification:_identify(/home/muttaqien-m/ros2_ws/src) by extensions ['python_setup_py']
[13.605s] Level 1:colcon.colcon_core.package_identification:_identify(/home/muttaqien-m/ros2_ws/src) by extension 'python_setup_py'
[13.616s] Level 1:colcon.colcon_core.package_identification:_identify(/home/muttaqien-m/ros2_ws/src/my_robot_controller) by extensions ['ignore', 'ignore_ament_install']
[13.619s] Level 1:colcon.colcon_core.package_identification:_identify(/home/muttaqien-m/ros2_ws/src/my_robot_controller) by extension 'ignore'
[13.622s] Level 1:colcon.colcon_core.package_identification:_identify(/home/muttaqien-m/ros2_ws/src/my_robot_controller) by extension 'ignore_ament_install'
[13.623s] Level 1:colcon.colcon_core.package_identification:_identify(/home/muttaqien-m/ros2_ws/src/my_robot_controller) by extensions ['colcon_pkg']
[13.624s] Level 1:colcon.colcon_core.package_identification:_identify(/home/muttaqien-m/ros2_ws/src/my_robot_controller) by extension 'colcon_pkg'
[13.625s] Level 1:colcon.colcon_core.package_identification:_identify(/home/muttaqien-m/ros2_ws/src/my_robot_controller) by extensions ['colcon_meta']
[13.626s] Level 1:colcon.colcon_core.package_identification:_identify(/home/muttaqien-m/ros2_ws/src/my_robot_controller) by extension 'colcon_meta'
[13.627s] Level 1:colcon.colcon_core.package_identification:_identify(/home/muttaqien-m/ros2_ws/src/my_robot_controller) by extensions ['ros']
[13.633s] Level 1:colcon.colcon_core.package_identification:_identify(/home/muttaqien-m/ros2_ws/src/my_robot_controller) by extension 'ros'
[13.744s] DEBUG:colcon.colcon_core.package_identification:Package '/home/muttaqien-m/ros2_ws/src/my_robot_controller' with type 'ros.ament_python' and name 'my_robot_controller'
[13.745s] Level 1:colcon.colcon_core.package_discovery:discover_packages(recursive) using defaults
