[3.421s] DEBUG:colcon:Command line arguments: ['/usr/bin/colcon', 'list', '-p', '--base-paths', '/home/muttaqien-m/ros2_ws']
[3.421s] DEBUG:colcon:Parsed command line arguments: Namespace(log_base=None, log_level=None, verb_name='list', build_base='build', ignore_user_meta=False, metas=['./colcon.meta'], base_paths=['/home/muttaqien-m/ros2_ws'], packages_ignore=None, packages_ignore_regex=None, paths=None, packages_up_to=None, packages_up_to_regex=None, packages_above=None, packages_above_and_dependencies=None, packages_above_depth=None, packages_select_by_dep=None, packages_skip_by_dep=None, packages_skip_up_to=None, packages_select_build_failed=False, packages_skip_build_finished=False, packages_select_test_failures=False, packages_skip_test_passed=False, packages_select=None, packages_skip=None, packages_select_regex=None, packages_skip_regex=None, packages_start=None, packages_end=None, allow_overriding=[], topological_order=False, names_only=False, paths_only=True, topological_graph=False, topological_graph_dot=False, topological_graph_density=False, topological_graph_legend=False, topological_graph_dot_cluster=False, topological_graph_dot_include_skipped=False, mixin_files=None, mixin=None, verb_parser=<colcon_mixin.mixin.mixin_argument.MixinArgumentDecorator object at 0xffffb24663e0>, verb_extension=<colcon_package_information.verb.list.ListVerb object at 0xffffb2465420>, main=<bound method ListVerb.main of <colcon_package_information.verb.list.ListVerb object at 0xffffb2465420>>, mixin_verb=('list',))
[6.747s] Level 1:colcon.colcon_core.package_discovery:discover_packages(colcon_meta) check parameters
[6.748s] Level 1:colcon.colcon_core.package_discovery:discover_packages(recursive) check parameters
[6.748s] Level 1:colcon.colcon_core.package_discovery:discover_packages(ignore) check parameters
[6.748s] Level 1:colcon.colcon_core.package_discovery:discover_packages(path) check parameters
[6.760s] Level 1:colcon.colcon_core.package_discovery:discover_packages(recursive) discover
[6.761s] INFO:colcon.colcon_core.package_discovery:Crawling recursively for packages in '/home/muttaqien-m/ros2_ws'
[6.762s] Level 1:colcon.colcon_core.package_identification:_identify(/home/muttaqien-m/ros2_ws) by extensions ['ignore', 'ignore_ament_install']
[6.763s] Level 1:colcon.colcon_core.package_identification:_identify(/home/muttaqien-m/ros2_ws) by extension 'ignore'
[6.764s] Level 1:colcon.colcon_core.package_identification:_identify(/home/muttaqien-m/ros2_ws) by extension 'ignore_ament_install'
[6.764s] Level 1:colcon.colcon_core.package_identification:_identify(/home/muttaqien-m/ros2_ws) by extensions ['colcon_pkg']
[6.765s] Level 1:colcon.colcon_core.package_identification:_identify(/home/muttaqien-m/ros2_ws) by extension 'colcon_pkg'
[6.765s] Level 1:colcon.colcon_core.package_identification:_identify(/home/muttaqien-m/ros2_ws) by extensions ['colcon_meta']
[6.765s] Level 1:colcon.colcon_core.package_identification:_identify(/home/muttaqien-m/ros2_ws) by extension 'colcon_meta'
[6.766s] Level 1:colcon.colcon_core.package_identification:_identify(/home/muttaqien-m/ros2_ws) by extensions ['ros']
[6.766s] Level 1:colcon.colcon_core.package_identification:_identify(/home/muttaqien-m/ros2_ws) by extension 'ros'
[6.923s] Level 1:colcon.colcon_core.package_identification:_identify(/home/muttaqien-m/ros2_ws) by extensions ['cmake', 'python']
[6.923s] Level 1:colcon.colcon_core.package_identification:_identify(/home/muttaqien-m/ros2_ws) by extension 'cmake'
[6.924s] Level 1:colcon.colcon_core.package_identification:_identify(/home/muttaqien-m/ros2_ws) by extension 'python'
[6.924s] Level 1:colcon.colcon_core.package_identification:_identify(/home/muttaqien-m/ros2_ws) by extensions ['python_setup_py']
[6.925s] Level 1:colcon.colcon_core.package_identification:_identify(/home/muttaqien-m/ros2_ws) by extension 'python_setup_py'
[6.928s] Level 1:colcon.colcon_core.package_identification:_identify(/home/muttaqien-m/ros2_ws/build) by extensions ['ignore', 'ignore_ament_install']
[6.929s] Level 1:colcon.colcon_core.package_identification:_identify(/home/muttaqien-m/ros2_ws/build) by extension 'ignore'
[6.929s] Level 1:colcon.colcon_core.package_identification:_identify(/home/muttaqien-m/ros2_ws/build) ignored
[6.930s] Level 1:colcon.colcon_core.package_identification:_identify(/home/muttaqien-m/ros2_ws/install) by extensions ['ignore', 'ignore_ament_install']
[6.931s] Level 1:colcon.colcon_core.package_identification:_identify(/home/muttaqien-m/ros2_ws/install) by extension 'ignore'
[6.931s] Level 1:colcon.colcon_core.package_identification:_identify(/home/muttaqien-m/ros2_ws/install) ignored
[6.932s] Level 1:colcon.colcon_core.package_identification:_identify(/home/muttaqien-m/ros2_ws/log) by extensions ['ignore', 'ignore_ament_install']
[6.933s] Level 1:colcon.colcon_core.package_identification:_identify(/home/muttaqien-m/ros2_ws/log) by extension 'ignore'
[6.933s] Level 1:colcon.colcon_core.package_identification:_identify(/home/muttaqien-m/ros2_ws/log) ignored
[6.934s] Level 1:colcon.colcon_core.package_identification:_identify(/home/muttaqien-m/ros2_ws/src) by extensions ['ignore', 'ignore_ament_install']
[6.935s] Level 1:colcon.colcon_core.package_identification:_identify(/home/muttaqien-m/ros2_ws/src) by extension 'ignore'
[6.935s] Level 1:colcon.colcon_core.package_identification:_identify(/home/muttaqien-m/ros2_ws/src) by extension 'ignore_ament_install'
[6.952s] Level 1:colcon.colcon_core.package_identification:_identify(/home/muttaqien-m/ros2_ws/src) by extensions ['colcon_pkg']
[6.952s] Level 1:colcon.colcon_core.package_identification:_identify(/home/muttaqien-m/ros2_ws/src) by extension 'colcon_pkg'
[6.953s] Level 1:colcon.colcon_core.package_identification:_identify(/home/muttaqien-m/ros2_ws/src) by extensions ['colcon_meta']
[6.953s] Level 1:colcon.colcon_core.package_identification:_identify(/home/muttaqien-m/ros2_ws/src) by extension 'colcon_meta'
[6.954s] Level 1:colcon.colcon_core.package_identification:_identify(/home/muttaqien-m/ros2_ws/src) by extensions ['ros']
[6.954s] Level 1:colcon.colcon_core.package_identification:_identify(/home/muttaqien-m/ros2_ws/src) by extension 'ros'
[6.955s] Level 1:colcon.colcon_core.package_identification:_identify(/home/muttaqien-m/ros2_ws/src) by extensions ['cmake', 'python']
[6.955s] Level 1:colcon.colcon_core.package_identification:_identify(/home/muttaqien-m/ros2_ws/src) by extension 'cmake'
[6.956s] Level 1:colcon.colcon_core.package_identification:_identify(/home/muttaqien-m/ros2_ws/src) by extension 'python'
[6.956s] Level 1:colcon.colcon_core.package_identification:_identify(/home/muttaqien-m/ros2_ws/src) by extensions ['python_setup_py']
[6.956s] Level 1:colcon.colcon_core.package_identification:_identify(/home/muttaqien-m/ros2_ws/src) by extension 'python_setup_py'
[6.957s] Level 1:colcon.colcon_core.package_identification:_identify(/home/muttaqien-m/ros2_ws/src/my_robot_controller) by extensions ['ignore', 'ignore_ament_install']
[6.959s] Level 1:colcon.colcon_core.package_identification:_identify(/home/muttaqien-m/ros2_ws/src/my_robot_controller) by extension 'ignore'
[6.960s] Level 1:colcon.colcon_core.package_identification:_identify(/home/muttaqien-m/ros2_ws/src/my_robot_controller) by extension 'ignore_ament_install'
[6.960s] Level 1:colcon.colcon_core.package_identification:_identify(/home/muttaqien-m/ros2_ws/src/my_robot_controller) by extensions ['colcon_pkg']
[6.961s] Level 1:colcon.colcon_core.package_identification:_identify(/home/muttaqien-m/ros2_ws/src/my_robot_controller) by extension 'colcon_pkg'
[6.961s] Level 1:colcon.colcon_core.package_identification:_identify(/home/muttaqien-m/ros2_ws/src/my_robot_controller) by extensions ['colcon_meta']
[6.962s] Level 1:colcon.colcon_core.package_identification:_identify(/home/muttaqien-m/ros2_ws/src/my_robot_controller) by extension 'colcon_meta'
[6.962s] Level 1:colcon.colcon_core.package_identification:_identify(/home/muttaqien-m/ros2_ws/src/my_robot_controller) by extensions ['ros']
[6.962s] Level 1:colcon.colcon_core.package_identification:_identify(/home/muttaqien-m/ros2_ws/src/my_robot_controller) by extension 'ros'
[6.987s] DEBUG:colcon.colcon_core.package_identification:Package '/home/muttaqien-m/ros2_ws/src/my_robot_controller' with type 'ros.ament_python' and name 'my_robot_controller'
[6.987s] Level 1:colcon.colcon_core.package_discovery:discover_packages(recursive) using defaults
