[3.362s] Invoking command in '/home/muttaqien-m/ros2_ws/src/my_robot_controller': PYTHONPATH=/home/muttaqien-m/ros2_ws/build/my_robot_controller/prefix_override:/home/muttaqien-m/ros2_ws/install/my_robot_controller/lib/python3.10/site-packages:${PYTHONPATH} /usr/bin/python3 -W ignore:setup.py install is deprecated setup.py egg_info --egg-base ../../build/my_robot_controller build --build-base /home/muttaqien-m/ros2_ws/build/my_robot_controller/build install --record /home/muttaqien-m/ros2_ws/build/my_robot_controller/install.log --single-version-externally-managed install_data
[4.596s] running egg_info
[4.600s] writing ../../build/my_robot_controller/my_robot_controller.egg-info/PKG-INFO
[4.601s] writing dependency_links to ../../build/my_robot_controller/my_robot_controller.egg-info/dependency_links.txt
[4.602s] writing entry points to ../../build/my_robot_controller/my_robot_controller.egg-info/entry_points.txt
[4.603s] writing requirements to ../../build/my_robot_controller/my_robot_controller.egg-info/requires.txt
[4.603s] writing top-level names to ../../build/my_robot_controller/my_robot_controller.egg-info/top_level.txt
[4.612s] reading manifest file '../../build/my_robot_controller/my_robot_controller.egg-info/SOURCES.txt'
[4.617s] writing manifest file '../../build/my_robot_controller/my_robot_controller.egg-info/SOURCES.txt'
[4.617s] running build
[4.618s] running build_py
[4.618s] copying my_robot_controller/my_first_node.py -> /home/muttaqien-m/ros2_ws/build/my_robot_controller/build/lib/my_robot_controller
[4.620s] running install
[4.621s] running install_lib
[4.625s] copying /home/muttaqien-m/ros2_ws/build/my_robot_controller/build/lib/my_robot_controller/my_first_node.py -> /home/muttaqien-m/ros2_ws/install/my_robot_controller/lib/python3.10/site-packages/my_robot_controller
[4.629s] byte-compiling /home/muttaqien-m/ros2_ws/install/my_robot_controller/lib/python3.10/site-packages/my_robot_controller/my_first_node.py to my_first_node.cpython-310.pyc
[4.631s] running install_data
[4.632s] running install_egg_info
[4.646s] removing '/home/muttaqien-m/ros2_ws/install/my_robot_controller/lib/python3.10/site-packages/my_robot_controller-0.0.0-py3.10.egg-info' (and everything under it)
[4.647s] Copying ../../build/my_robot_controller/my_robot_controller.egg-info to /home/muttaqien-m/ros2_ws/install/my_robot_controller/lib/python3.10/site-packages/my_robot_controller-0.0.0-py3.10.egg-info
[4.653s] running install_scripts
[4.746s] Installing test_node script to /home/muttaqien-m/ros2_ws/install/my_robot_controller/lib/my_robot_controller
[4.748s] writing list of installed files to '/home/muttaqien-m/ros2_ws/build/my_robot_controller/install.log'
[4.898s] Invoked command in '/home/muttaqien-m/ros2_ws/src/my_robot_controller' returned '0': PYTHONPATH=/home/muttaqien-m/ros2_ws/build/my_robot_controller/prefix_override:/home/muttaqien-m/ros2_ws/install/my_robot_controller/lib/python3.10/site-packages:${PYTHONPATH} /usr/bin/python3 -W ignore:setup.py install is deprecated setup.py egg_info --egg-base ../../build/my_robot_controller build --build-base /home/muttaqien-m/ros2_ws/build/my_robot_controller/build install --record /home/muttaqien-m/ros2_ws/build/my_robot_controller/install.log --single-version-externally-managed install_data
