[3.715s] Invoking command in '/home/muttaqien-m/ros2_ws/build/my_robot_controller': PYTHONPATH=/home/muttaqien-m/ros2_ws/build/my_robot_controller/prefix_override:/home/muttaqien-m/ros2_ws/install/my_robot_controller/lib/python3.10/site-packages:${PYTHONPATH} /usr/bin/python3 -W ignore:setup.py install is deprecated setup.py develop --editable --build-directory /home/muttaqien-m/ros2_ws/build/my_robot_controller/build --no-deps symlink_data
[5.113s] running develop
[5.959s] running egg_info
[5.960s] writing my_robot_controller.egg-info/PKG-INFO
[5.961s] writing dependency_links to my_robot_controller.egg-info/dependency_links.txt
[5.962s] writing entry points to my_robot_controller.egg-info/entry_points.txt
[5.963s] writing requirements to my_robot_controller.egg-info/requires.txt
[5.964s] writing top-level names to my_robot_controller.egg-info/top_level.txt
[5.974s] reading manifest file 'my_robot_controller.egg-info/SOURCES.txt'
[5.986s] writing manifest file 'my_robot_controller.egg-info/SOURCES.txt'
[5.991s] running build_ext
[5.992s] Creating /home/muttaqien-m/ros2_ws/install/my_robot_controller/lib/python3.10/site-packages/my-robot-controller.egg-link (link to .)
[5.996s] Installing draw_circle script to /home/muttaqien-m/ros2_ws/install/my_robot_controller/lib/my_robot_controller
[5.997s] Installing pose_subscriber script to /home/muttaqien-m/ros2_ws/install/my_robot_controller/lib/my_robot_controller
[5.998s] Installing test_node script to /home/muttaqien-m/ros2_ws/install/my_robot_controller/lib/my_robot_controller
[5.998s] Installing turtle_controller script to /home/muttaqien-m/ros2_ws/install/my_robot_controller/lib/my_robot_controller
[6.000s] 
[6.000s] Installed /home/muttaqien-m/ros2_ws/build/my_robot_controller
[6.001s] running symlink_data
[6.181s] Invoked command in '/home/muttaqien-m/ros2_ws/build/my_robot_controller' returned '0': PYTHONPATH=/home/muttaqien-m/ros2_ws/build/my_robot_controller/prefix_override:/home/muttaqien-m/ros2_ws/install/my_robot_controller/lib/python3.10/site-packages:${PYTHONPATH} /usr/bin/python3 -W ignore:setup.py install is deprecated setup.py develop --editable --build-directory /home/muttaqien-m/ros2_ws/build/my_robot_controller/build --no-deps symlink_data
