[3.442s] Invoking command in '/home/muttaqien-m/ros2_ws/src/my_robot_controller': PYTHONPATH=/home/muttaqien-m/ros2_ws/build/my_robot_controller/prefix_override:/home/muttaqien-m/ros2_ws/install/my_robot_controller/lib/python3.10/site-packages:${PYTHONPATH} /usr/bin/python3 -W ignore:setup.py install is deprecated setup.py egg_info --egg-base ../../build/my_robot_controller build --build-base /home/muttaqien-m/ros2_ws/build/my_robot_controller/build install --record /home/muttaqien-m/ros2_ws/build/my_robot_controller/install.log --single-version-externally-managed install_data
[4.749s] running egg_info
[4.751s] writing ../../build/my_robot_controller/my_robot_controller.egg-info/PKG-INFO
[4.752s] writing dependency_links to ../../build/my_robot_controller/my_robot_controller.egg-info/dependency_links.txt
[4.753s] writing entry points to ../../build/my_robot_controller/my_robot_controller.egg-info/entry_points.txt
[4.754s] writing requirements to ../../build/my_robot_controller/my_robot_controller.egg-info/requires.txt
[4.755s] writing top-level names to ../../build/my_robot_controller/my_robot_controller.egg-info/top_level.txt
[4.767s] reading manifest file '../../build/my_robot_controller/my_robot_controller.egg-info/SOURCES.txt'
[4.774s] writing manifest file '../../build/my_robot_controller/my_robot_controller.egg-info/SOURCES.txt'
[4.775s] running build
[4.776s] running build_py
[4.778s] running install
[4.780s] running install_lib
[4.790s] running install_data
[4.791s] running install_egg_info
[4.799s] removing '/home/muttaqien-m/ros2_ws/install/my_robot_controller/lib/python3.10/site-packages/my_robot_controller-0.0.0-py3.10.egg-info' (and everything under it)
[4.803s] Copying ../../build/my_robot_controller/my_robot_controller.egg-info to /home/muttaqien-m/ros2_ws/install/my_robot_controller/lib/python3.10/site-packages/my_robot_controller-0.0.0-py3.10.egg-info
[4.810s] running install_scripts
[4.899s] Installing test_node script to /home/muttaqien-m/ros2_ws/install/my_robot_controller/lib/my_robot_controller
[4.901s] writing list of installed files to '/home/muttaqien-m/ros2_ws/build/my_robot_controller/install.log'
[5.050s] Invoked command in '/home/muttaqien-m/ros2_ws/src/my_robot_controller' returned '0': PYTHONPATH=/home/muttaqien-m/ros2_ws/build/my_robot_controller/prefix_override:/home/muttaqien-m/ros2_ws/install/my_robot_controller/lib/python3.10/site-packages:${PYTHONPATH} /usr/bin/python3 -W ignore:setup.py install is deprecated setup.py egg_info --egg-base ../../build/my_robot_controller build --build-base /home/muttaqien-m/ros2_ws/build/my_robot_controller/build install --record /home/muttaqien-m/ros2_ws/build/my_robot_controller/install.log --single-version-externally-managed install_data
